<?xml version="1.0" encoding="UTF-8"?>
<testng-results ignored="0" total="4" passed="4" failed="0" skipped="0">
  <reporter-output>
  </reporter-output>
  <suite started-at="2021-10-23T20:25:08 PET" name="cs.app.AppTest" finished-at="2021-10-23T20:25:08 PET" duration-ms="90">
    <groups>
    </groups>
    <test started-at="2021-10-23T20:25:08 PET" name="Command line test" finished-at="2021-10-23T20:25:08 PET" duration-ms="90">
      <class name="cs.app.AppTest">
        <test-method signature="test01()[pri:0, instance:cs.app.AppTest@1b66c0fb]" started-at="2021-10-23T20:25:08 PET" name="test01" finished-at="2021-10-23T20:25:08 PET" duration-ms="16" status="PASS">
          <reporter-output>
          </reporter-output>
        </test-method> <!-- test01 -->
        <test-method signature="test02()[pri:0, instance:cs.app.AppTest@1b66c0fb]" started-at="2021-10-23T20:25:08 PET" name="test02" finished-at="2021-10-23T20:25:08 PET" duration-ms="1" status="PASS">
          <reporter-output>
          </reporter-output>
        </test-method> <!-- test02 -->
        <test-method signature="test03()[pri:0, instance:cs.app.AppTest@1b66c0fb]" started-at="2021-10-23T20:25:08 PET" name="test03" finished-at="2021-10-23T20:25:08 PET" duration-ms="1" status="PASS">
          <reporter-output>
          </reporter-output>
        </test-method> <!-- test03 -->
        <test-method signature="test04()[pri:0, instance:cs.app.AppTest@1b66c0fb]" started-at="2021-10-23T20:25:08 PET" name="test04" finished-at="2021-10-23T20:25:08 PET" duration-ms="0" status="PASS">
          <reporter-output>
          </reporter-output>
        </test-method> <!-- test04 -->
      </class> <!-- cs.app.AppTest -->
    </test> <!-- Command line test -->
  </suite> <!-- cs.app.AppTest -->
</testng-results>
