<?xml version="1.0" encoding="UTF-8"?>
<testng-results ignored="0" total="2" passed="2" failed="0" skipped="0">
  <reporter-output>
  </reporter-output>
  <suite started-at="2021-10-23T17:04:24 PET" name="cs.app.AppTest" finished-at="2021-10-23T17:04:24 PET" duration-ms="112">
    <groups>
    </groups>
    <test started-at="2021-10-23T17:04:24 PET" name="Command line test" finished-at="2021-10-23T17:04:24 PET" duration-ms="112">
      <class name="cs.app.AppTest">
        <test-method signature="test01()[pri:0, instance:cs.app.AppTest@12591ac8]" started-at="2021-10-23T17:04:24 PET" name="test01" finished-at="2021-10-23T17:04:24 PET" duration-ms="30" status="PASS">
          <reporter-output>
          </reporter-output>
        </test-method> <!-- test01 -->
        <test-method signature="test02()[pri:0, instance:cs.app.AppTest@12591ac8]" started-at="2021-10-23T17:04:24 PET" name="test02" finished-at="2021-10-23T17:04:24 PET" duration-ms="14" status="PASS">
          <reporter-output>
          </reporter-output>
        </test-method> <!-- test02 -->
      </class> <!-- cs.app.AppTest -->
    </test> <!-- Command line test -->
  </suite> <!-- cs.app.AppTest -->
</testng-results>
