<?xml version="1.0" encoding="UTF-8"?>
<!-- Generated by org.testng.reporters.JUnitXMLReporter -->
<testsuite ignored="0" hostname="Joses-Mac-mini.local" failures="0" tests="4" name="Command line test" time="0.09" errors="0" timestamp="2021-10-23T20:25:08 PET">
  <testcase classname="cs.app.AppTest" name="test01" time="0.016"/>
  <testcase classname="cs.app.AppTest" name="test02" time="0.001"/>
  <testcase classname="cs.app.AppTest" name="test03" time="0.001"/>
  <testcase classname="cs.app.AppTest" name="test04" time="0.0"/>
</testsuite> <!-- Command line test -->
